{"C:\\Users\\carlos.godoi\\Desktop\\PROJETOS ROCKETS\\UseContext\\src\\Components\\Button\\index.jsx": {"path":"C:\\Users\\carlos.godoi\\Desktop\\PROJETOS ROCKETS\\UseContext\\src\\Components\\Button\\index.jsx","statementMap":{"0":{"start":{"line":4,"column":15},"end":{"line":10,"column":1}},"1":{"start":{"line":5,"column":2},"end":{"line":9,"column":4}}},"fnMap":{"0":{"name":"(anonymous_0)","decl":{"start":{"line":4,"column":15},"end":{"line":4,"column":16}},"loc":{"start":{"line":4,"column":63},"end":{"line":10,"column":1}},"line":4}},"branchMap":{"0":{"loc":{"start":{"line":4,"column":33},"end":{"line":4,"column":48}},"type":"default-arg","locations":[{"start":{"line":4,"column":40},"end":{"line":4,"column":48}}],"line":4}},"s":{"0":2,"1":22},"f":{"0":22},"b":{"0":[22]},"_coverageSchema":"1a1c01bbd47fc00a2c39e90264f33305004495a9","hash":"e6f2caa8e6c8c954e15d833146023e2c675bd90c"}
,"C:\\Users\\carlos.godoi\\Desktop\\PROJETOS ROCKETS\\UseContext\\src\\Components\\Button\\styles.jsx": {"path":"C:\\Users\\carlos.godoi\\Desktop\\PROJETOS ROCKETS\\UseContext\\src\\Components\\Button\\styles.jsx","statementMap":{"0":{"start":{"line":3,"column":22},"end":{"line":15,"column":1}}},"fnMap":{},"branchMap":{},"s":{"0":2},"f":{},"b":{},"_coverageSchema":"1a1c01bbd47fc00a2c39e90264f33305004495a9","hash":"4024cd50afbbd9b2dac9db378862a0c71d99e9da"}
,"C:\\Users\\carlos.godoi\\Desktop\\PROJETOS ROCKETS\\UseContext\\src\\Components\\Input\\index.jsx": {"path":"C:\\Users\\carlos.godoi\\Desktop\\PROJETOS ROCKETS\\UseContext\\src\\Components\\Input\\index.jsx","statementMap":{"0":{"start":{"line":4,"column":14},"end":{"line":14,"column":1}},"1":{"start":{"line":5,"column":2},"end":{"line":13,"column":4}}},"fnMap":{"0":{"name":"(anonymous_0)","decl":{"start":{"line":4,"column":14},"end":{"line":4,"column":15}},"loc":{"start":{"line":4,"column":66},"end":{"line":14,"column":1}},"line":4}},"branchMap":{},"s":{"0":2,"1":56},"f":{"0":56},"b":{},"_coverageSchema":"1a1c01bbd47fc00a2c39e90264f33305004495a9","hash":"2cb8363bf4ffd38e06dd373e19eb320e24408d97"}
,"C:\\Users\\carlos.godoi\\Desktop\\PROJETOS ROCKETS\\UseContext\\src\\Components\\Input\\styles.jsx": {"path":"C:\\Users\\carlos.godoi\\Desktop\\PROJETOS ROCKETS\\UseContext\\src\\Components\\Input\\styles.jsx","statementMap":{"0":{"start":{"line":3,"column":21},"end":{"line":11,"column":1}}},"fnMap":{},"branchMap":{},"s":{"0":2},"f":{},"b":{},"_coverageSchema":"1a1c01bbd47fc00a2c39e90264f33305004495a9","hash":"4db0b35940cd7cab9b9c5d9723085c0db4be4a0f"}
,"C:\\Users\\carlos.godoi\\Desktop\\PROJETOS ROCKETS\\UseContext\\src\\Context\\auth.jsx": {"path":"C:\\Users\\carlos.godoi\\Desktop\\PROJETOS ROCKETS\\UseContext\\src\\Context\\auth.jsx","statementMap":{"0":{"start":{"line":3,"column":27},"end":{"line":3,"column":44}},"1":{"start":{"line":5,"column":28},"end":{"line":74,"column":1}},"2":{"start":{"line":6,"column":26},"end":{"line":6,"column":36}},"3":{"start":{"line":8,"column":2},"end":{"line":19,"column":9}},"4":{"start":{"line":9,"column":22},"end":{"line":9,"column":56}},"5":{"start":{"line":10,"column":25},"end":{"line":10,"column":57}},"6":{"start":{"line":12,"column":4},"end":{"line":18,"column":5}},"7":{"start":{"line":13,"column":22},"end":{"line":15,"column":7}},"8":{"start":{"line":14,"column":18},"end":{"line":14,"column":60}},"9":{"start":{"line":17,"column":6},"end":{"line":17,"column":39}},"10":{"start":{"line":17,"column":19},"end":{"line":17,"column":39}},"11":{"start":{"line":21,"column":17},"end":{"line":38,"column":3}},"12":{"start":{"line":22,"column":25},"end":{"line":22,"column":69}},"13":{"start":{"line":24,"column":20},"end":{"line":24,"column":72}},"14":{"start":{"line":24,"column":51},"end":{"line":24,"column":71}},"15":{"start":{"line":26,"column":4},"end":{"line":37,"column":5}},"16":{"start":{"line":27,"column":6},"end":{"line":34,"column":7}},"17":{"start":{"line":28,"column":22},"end":{"line":28,"column":61}},"18":{"start":{"line":29,"column":8},"end":{"line":29,"column":77}},"19":{"start":{"line":30,"column":8},"end":{"line":30,"column":37}},"20":{"start":{"line":31,"column":8},"end":{"line":31,"column":15}},"21":{"start":{"line":33,"column":8},"end":{"line":33,"column":44}},"22":{"start":{"line":36,"column":6},"end":{"line":36,"column":38}},"23":{"start":{"line":40,"column":17},"end":{"line":60,"column":3}},"24":{"start":{"line":41,"column":25},"end":{"line":41,"column":69}},"25":{"start":{"line":43,"column":20},"end":{"line":43,"column":72}},"26":{"start":{"line":43,"column":51},"end":{"line":43,"column":71}},"27":{"start":{"line":45,"column":4},"end":{"line":47,"column":5}},"28":{"start":{"line":46,"column":6},"end":{"line":46,"column":51}},"29":{"start":{"line":51,"column":4},"end":{"line":55,"column":5}},"30":{"start":{"line":52,"column":6},"end":{"line":52,"column":55}},"31":{"start":{"line":54,"column":6},"end":{"line":54,"column":38}},"32":{"start":{"line":57,"column":4},"end":{"line":57,"column":62}},"33":{"start":{"line":59,"column":4},"end":{"line":59,"column":11}},"34":{"start":{"line":62,"column":18},"end":{"line":65,"column":3}},"35":{"start":{"line":63,"column":4},"end":{"line":63,"column":18}},"36":{"start":{"line":64,"column":4},"end":{"line":64,"column":42}},"37":{"start":{"line":67,"column":2},"end":{"line":73,"column":4}}},"fnMap":{"0":{"name":"(anonymous_0)","decl":{"start":{"line":5,"column":28},"end":{"line":5,"column":29}},"loc":{"start":{"line":5,"column":46},"end":{"line":74,"column":1}},"line":5},"1":{"name":"(anonymous_1)","decl":{"start":{"line":8,"column":12},"end":{"line":8,"column":13}},"loc":{"start":{"line":8,"column":18},"end":{"line":19,"column":3}},"line":8},"2":{"name":"(anonymous_2)","decl":{"start":{"line":14,"column":8},"end":{"line":14,"column":9}},"loc":{"start":{"line":14,"column":18},"end":{"line":14,"column":60}},"line":14},"3":{"name":"(anonymous_3)","decl":{"start":{"line":21,"column":17},"end":{"line":21,"column":18}},"loc":{"start":{"line":21,"column":38},"end":{"line":38,"column":3}},"line":21},"4":{"name":"(anonymous_4)","decl":{"start":{"line":24,"column":41},"end":{"line":24,"column":42}},"loc":{"start":{"line":24,"column":51},"end":{"line":24,"column":71}},"line":24},"5":{"name":"(anonymous_5)","decl":{"start":{"line":40,"column":17},"end":{"line":40,"column":18}},"loc":{"start":{"line":40,"column":38},"end":{"line":60,"column":3}},"line":40},"6":{"name":"(anonymous_6)","decl":{"start":{"line":43,"column":41},"end":{"line":43,"column":42}},"loc":{"start":{"line":43,"column":51},"end":{"line":43,"column":71}},"line":43},"7":{"name":"(anonymous_7)","decl":{"start":{"line":62,"column":18},"end":{"line":62,"column":19}},"loc":{"start":{"line":62,"column":24},"end":{"line":65,"column":3}},"line":62}},"branchMap":{"0":{"loc":{"start":{"line":12,"column":4},"end":{"line":18,"column":5}},"type":"if","locations":[{"start":{"line":12,"column":4},"end":{"line":18,"column":5}},{"start":{},"end":{}}],"line":12},"1":{"loc":{"start":{"line":12,"column":8},"end":{"line":12,"column":33}},"type":"binary-expr","locations":[{"start":{"line":12,"column":8},"end":{"line":12,"column":17}},{"start":{"line":12,"column":21},"end":{"line":12,"column":33}}],"line":12},"2":{"loc":{"start":{"line":17,"column":6},"end":{"line":17,"column":39}},"type":"if","locations":[{"start":{"line":17,"column":6},"end":{"line":17,"column":39}},{"start":{},"end":{}}],"line":17},"3":{"loc":{"start":{"line":26,"column":4},"end":{"line":37,"column":5}},"type":"if","locations":[{"start":{"line":26,"column":4},"end":{"line":37,"column":5}},{"start":{"line":35,"column":11},"end":{"line":37,"column":5}}],"line":26},"4":{"loc":{"start":{"line":27,"column":6},"end":{"line":34,"column":7}},"type":"if","locations":[{"start":{"line":27,"column":6},"end":{"line":34,"column":7}},{"start":{"line":32,"column":13},"end":{"line":34,"column":7}}],"line":27},"5":{"loc":{"start":{"line":27,"column":10},"end":{"line":27,"column":72}},"type":"binary-expr","locations":[{"start":{"line":27,"column":10},"end":{"line":27,"column":36}},{"start":{"line":27,"column":40},"end":{"line":27,"column":72}}],"line":27},"6":{"loc":{"start":{"line":45,"column":4},"end":{"line":47,"column":5}},"type":"if","locations":[{"start":{"line":45,"column":4},"end":{"line":47,"column":5}},{"start":{},"end":{}}],"line":45},"7":{"loc":{"start":{"line":51,"column":4},"end":{"line":55,"column":5}},"type":"if","locations":[{"start":{"line":51,"column":4},"end":{"line":55,"column":5}},{"start":{"line":53,"column":11},"end":{"line":55,"column":5}}],"line":51}},"s":{"0":2,"1":2,"2":0,"3":0,"4":0,"5":0,"6":0,"7":0,"8":0,"9":0,"10":0,"11":0,"12":0,"13":0,"14":0,"15":0,"16":0,"17":0,"18":0,"19":0,"20":0,"21":0,"22":0,"23":0,"24":0,"25":0,"26":0,"27":0,"28":0,"29":0,"30":0,"31":0,"32":0,"33":0,"34":0,"35":0,"36":0,"37":0},"f":{"0":0,"1":0,"2":0,"3":0,"4":0,"5":0,"6":0,"7":0},"b":{"0":[0,0],"1":[0,0],"2":[0,0],"3":[0,0],"4":[0,0],"5":[0,0],"6":[0,0],"7":[0,0]},"_coverageSchema":"1a1c01bbd47fc00a2c39e90264f33305004495a9","hash":"ac972abecafe4b93048849c60433b043c1640deb"}
,"C:\\Users\\carlos.godoi\\Desktop\\PROJETOS ROCKETS\\UseContext\\src\\Hooks\\useAuth.jsx": {"path":"C:\\Users\\carlos.godoi\\Desktop\\PROJETOS ROCKETS\\UseContext\\src\\Hooks\\useAuth.jsx","statementMap":{"0":{"start":{"line":4,"column":16},"end":{"line":7,"column":1}},"1":{"start":{"line":5,"column":18},"end":{"line":5,"column":41}},"2":{"start":{"line":6,"column":2},"end":{"line":6,"column":17}}},"fnMap":{"0":{"name":"(anonymous_0)","decl":{"start":{"line":4,"column":16},"end":{"line":4,"column":17}},"loc":{"start":{"line":4,"column":22},"end":{"line":7,"column":1}},"line":4}},"branchMap":{},"s":{"0":2,"1":0,"2":0},"f":{"0":0},"b":{},"_coverageSchema":"1a1c01bbd47fc00a2c39e90264f33305004495a9","hash":"381f510ad049fe6a74718e3cc188bd734d64c82c"}
,"C:\\Users\\carlos.godoi\\Desktop\\PROJETOS ROCKETS\\UseContext\\src\\Pages\\SingIn\\index.jsx": {"path":"C:\\Users\\carlos.godoi\\Desktop\\PROJETOS ROCKETS\\UseContext\\src\\Pages\\SingIn\\index.jsx","statementMap":{"0":{"start":{"line":8,"column":15},"end":{"line":61,"column":1}},"1":{"start":{"line":9,"column":21},"end":{"line":9,"column":30}},"2":{"start":{"line":10,"column":19},"end":{"line":10,"column":32}},"3":{"start":{"line":12,"column":28},"end":{"line":12,"column":40}},"4":{"start":{"line":13,"column":28},"end":{"line":13,"column":40}},"5":{"start":{"line":14,"column":28},"end":{"line":14,"column":40}},"6":{"start":{"line":16,"column":22},"end":{"line":30,"column":3}},"7":{"start":{"line":17,"column":4},"end":{"line":20,"column":5}},"8":{"start":{"line":18,"column":6},"end":{"line":18,"column":43}},"9":{"start":{"line":19,"column":6},"end":{"line":19,"column":13}},"10":{"start":{"line":22,"column":16},"end":{"line":22,"column":36}},"11":{"start":{"line":24,"column":4},"end":{"line":27,"column":5}},"12":{"start":{"line":25,"column":6},"end":{"line":25,"column":20}},"13":{"start":{"line":26,"column":6},"end":{"line":26,"column":13}},"14":{"start":{"line":29,"column":4},"end":{"line":29,"column":22}},"15":{"start":{"line":32,"column":2},"end":{"line":60,"column":4}},"16":{"start":{"line":41,"column":27},"end":{"line":41,"column":67}},"17":{"start":{"line":48,"column":27},"end":{"line":48,"column":67}}},"fnMap":{"0":{"name":"(anonymous_0)","decl":{"start":{"line":8,"column":15},"end":{"line":8,"column":16}},"loc":{"start":{"line":8,"column":21},"end":{"line":61,"column":1}},"line":8},"1":{"name":"(anonymous_1)","decl":{"start":{"line":16,"column":22},"end":{"line":16,"column":23}},"loc":{"start":{"line":16,"column":28},"end":{"line":30,"column":3}},"line":16},"2":{"name":"(anonymous_2)","decl":{"start":{"line":41,"column":20},"end":{"line":41,"column":21}},"loc":{"start":{"line":41,"column":27},"end":{"line":41,"column":67}},"line":41},"3":{"name":"(anonymous_3)","decl":{"start":{"line":48,"column":20},"end":{"line":48,"column":21}},"loc":{"start":{"line":48,"column":27},"end":{"line":48,"column":67}},"line":48}},"branchMap":{"0":{"loc":{"start":{"line":17,"column":4},"end":{"line":20,"column":5}},"type":"if","locations":[{"start":{"line":17,"column":4},"end":{"line":20,"column":5}},{"start":{},"end":{}}],"line":17},"1":{"loc":{"start":{"line":24,"column":4},"end":{"line":27,"column":5}},"type":"if","locations":[{"start":{"line":24,"column":4},"end":{"line":27,"column":5}},{"start":{},"end":{}}],"line":24}},"s":{"0":1,"1":10,"2":10,"3":10,"4":10,"5":10,"6":10,"7":3,"8":1,"9":1,"10":2,"11":2,"12":1,"13":1,"14":1,"15":10,"16":2,"17":2},"f":{"0":10,"1":3,"2":2,"3":2},"b":{"0":[1,2],"1":[1,1]},"_coverageSchema":"1a1c01bbd47fc00a2c39e90264f33305004495a9","hash":"df52975bf1534b06cccfa01bcabfad0bb30317b1"}
,"C:\\Users\\carlos.godoi\\Desktop\\PROJETOS ROCKETS\\UseContext\\src\\Pages\\SingIn\\styles.js": {"path":"C:\\Users\\carlos.godoi\\Desktop\\PROJETOS ROCKETS\\UseContext\\src\\Pages\\SingIn\\styles.js","statementMap":{"0":{"start":{"line":3,"column":25},"end":{"line":10,"column":1}},"1":{"start":{"line":12,"column":23},"end":{"line":24,"column":1}},"2":{"start":{"line":26,"column":21},"end":{"line":30,"column":1}},"3":{"start":{"line":32,"column":27},"end":{"line":35,"column":1}},"4":{"start":{"line":37,"column":26},"end":{"line":40,"column":1}},"5":{"start":{"line":42,"column":22},"end":{"line":49,"column":1}}},"fnMap":{},"branchMap":{},"s":{"0":1,"1":1,"2":1,"3":1,"4":1,"5":1},"f":{},"b":{},"_coverageSchema":"1a1c01bbd47fc00a2c39e90264f33305004495a9","hash":"64eea64c066fe5a0be7e10e13c565c094f9a0879"}
,"C:\\Users\\carlos.godoi\\Desktop\\PROJETOS ROCKETS\\UseContext\\src\\Pages\\SingUp\\index.jsx": {"path":"C:\\Users\\carlos.godoi\\Desktop\\PROJETOS ROCKETS\\UseContext\\src\\Pages\\SingUp\\index.jsx","statementMap":{"0":{"start":{"line":8,"column":15},"end":{"line":78,"column":1}},"1":{"start":{"line":9,"column":28},"end":{"line":9,"column":40}},"2":{"start":{"line":10,"column":36},"end":{"line":10,"column":48}},"3":{"start":{"line":11,"column":28},"end":{"line":11,"column":40}},"4":{"start":{"line":12,"column":28},"end":{"line":12,"column":40}},"5":{"start":{"line":14,"column":19},"end":{"line":14,"column":32}},"6":{"start":{"line":16,"column":21},"end":{"line":16,"column":30}},"7":{"start":{"line":18,"column":23},"end":{"line":36,"column":3}},"8":{"start":{"line":19,"column":4},"end":{"line":25,"column":5}},"9":{"start":{"line":20,"column":6},"end":{"line":20,"column":43}},"10":{"start":{"line":21,"column":6},"end":{"line":21,"column":13}},"11":{"start":{"line":22,"column":11},"end":{"line":25,"column":5}},"12":{"start":{"line":23,"column":6},"end":{"line":23,"column":44}},"13":{"start":{"line":24,"column":6},"end":{"line":24,"column":13}},"14":{"start":{"line":27,"column":16},"end":{"line":27,"column":36}},"15":{"start":{"line":29,"column":4},"end":{"line":32,"column":5}},"16":{"start":{"line":30,"column":6},"end":{"line":30,"column":20}},"17":{"start":{"line":31,"column":6},"end":{"line":31,"column":13}},"18":{"start":{"line":34,"column":4},"end":{"line":34,"column":45}},"19":{"start":{"line":35,"column":4},"end":{"line":35,"column":18}},"20":{"start":{"line":38,"column":2},"end":{"line":77,"column":4}},"21":{"start":{"line":47,"column":27},"end":{"line":47,"column":67}},"22":{"start":{"line":54,"column":27},"end":{"line":54,"column":71}},"23":{"start":{"line":61,"column":27},"end":{"line":61,"column":67}}},"fnMap":{"0":{"name":"(anonymous_0)","decl":{"start":{"line":8,"column":15},"end":{"line":8,"column":16}},"loc":{"start":{"line":8,"column":21},"end":{"line":78,"column":1}},"line":8},"1":{"name":"(anonymous_1)","decl":{"start":{"line":18,"column":23},"end":{"line":18,"column":24}},"loc":{"start":{"line":18,"column":29},"end":{"line":36,"column":3}},"line":18},"2":{"name":"(anonymous_2)","decl":{"start":{"line":47,"column":20},"end":{"line":47,"column":21}},"loc":{"start":{"line":47,"column":27},"end":{"line":47,"column":67}},"line":47},"3":{"name":"(anonymous_3)","decl":{"start":{"line":54,"column":20},"end":{"line":54,"column":21}},"loc":{"start":{"line":54,"column":27},"end":{"line":54,"column":71}},"line":54},"4":{"name":"(anonymous_4)","decl":{"start":{"line":61,"column":20},"end":{"line":61,"column":21}},"loc":{"start":{"line":61,"column":27},"end":{"line":61,"column":67}},"line":61}},"branchMap":{"0":{"loc":{"start":{"line":19,"column":4},"end":{"line":25,"column":5}},"type":"if","locations":[{"start":{"line":19,"column":4},"end":{"line":25,"column":5}},{"start":{"line":22,"column":11},"end":{"line":25,"column":5}}],"line":19},"1":{"loc":{"start":{"line":22,"column":11},"end":{"line":25,"column":5}},"type":"if","locations":[{"start":{"line":22,"column":11},"end":{"line":25,"column":5}},{"start":{},"end":{}}],"line":22},"2":{"loc":{"start":{"line":29,"column":4},"end":{"line":32,"column":5}},"type":"if","locations":[{"start":{"line":29,"column":4},"end":{"line":32,"column":5}},{"start":{},"end":{}}],"line":29}},"s":{"0":1,"1":12,"2":12,"3":12,"4":12,"5":12,"6":12,"7":12,"8":3,"9":1,"10":1,"11":2,"12":1,"13":1,"14":1,"15":1,"16":0,"17":0,"18":1,"19":1,"20":12,"21":2,"22":2,"23":2},"f":{"0":12,"1":3,"2":2,"3":2,"4":2},"b":{"0":[1,2],"1":[1,1],"2":[0,1]},"_coverageSchema":"1a1c01bbd47fc00a2c39e90264f33305004495a9","hash":"8d059b597b06cb2e214732f1704e162ba4acf2db"}
,"C:\\Users\\carlos.godoi\\Desktop\\PROJETOS ROCKETS\\UseContext\\src\\Pages\\SingUp\\styles.js": {"path":"C:\\Users\\carlos.godoi\\Desktop\\PROJETOS ROCKETS\\UseContext\\src\\Pages\\SingUp\\styles.js","statementMap":{"0":{"start":{"line":3,"column":25},"end":{"line":10,"column":1}},"1":{"start":{"line":12,"column":23},"end":{"line":24,"column":1}},"2":{"start":{"line":26,"column":21},"end":{"line":30,"column":1}},"3":{"start":{"line":32,"column":27},"end":{"line":35,"column":1}},"4":{"start":{"line":37,"column":26},"end":{"line":40,"column":1}},"5":{"start":{"line":42,"column":22},"end":{"line":49,"column":1}}},"fnMap":{},"branchMap":{},"s":{"0":1,"1":1,"2":1,"3":1,"4":1,"5":1},"f":{},"b":{},"_coverageSchema":"1a1c01bbd47fc00a2c39e90264f33305004495a9","hash":"22e63faafa089e60f7a52be030cfc8dde1b8379f"}
}
