TN:
SF:src\Components\Button\index.jsx
FN:4,(anonymous_0)
FNF:1
FNH:1
FNDA:22,(anonymous_0)
DA:4,2
DA:5,22
LF:2
LH:2
BRDA:4,0,0,22
BRF:1
BRH:1
end_of_record
TN:
SF:src\Components\Button\styles.jsx
FNF:0
FNH:0
DA:3,2
LF:1
LH:1
BRF:0
BRH:0
end_of_record
TN:
SF:src\Components\Input\index.jsx
FN:4,(anonymous_0)
FNF:1
FNH:1
FNDA:56,(anonymous_0)
DA:4,2
DA:5,56
LF:2
LH:2
BRF:0
BRH:0
end_of_record
TN:
SF:src\Components\Input\styles.jsx
FNF:0
FNH:0
DA:3,2
LF:1
LH:1
BRF:0
BRH:0
end_of_record
TN:
SF:src\Context\auth.jsx
FN:5,(anonymous_0)
FN:8,(anonymous_1)
FN:14,(anonymous_2)
FN:21,(anonymous_3)
FN:24,(anonymous_4)
FN:40,(anonymous_5)
FN:43,(anonymous_6)
FN:62,(anonymous_7)
FNF:8
FNH:0
FNDA:0,(anonymous_0)
FNDA:0,(anonymous_1)
FNDA:0,(anonymous_2)
FNDA:0,(anonymous_3)
FNDA:0,(anonymous_4)
FNDA:0,(anonymous_5)
FNDA:0,(anonymous_6)
FNDA:0,(anonymous_7)
DA:3,2
DA:5,2
DA:6,0
DA:8,0
DA:9,0
DA:10,0
DA:12,0
DA:13,0
DA:14,0
DA:17,0
DA:21,0
DA:22,0
DA:24,0
DA:26,0
DA:27,0
DA:28,0
DA:29,0
DA:30,0
DA:31,0
DA:33,0
DA:36,0
DA:40,0
DA:41,0
DA:43,0
DA:45,0
DA:46,0
DA:51,0
DA:52,0
DA:54,0
DA:57,0
DA:59,0
DA:62,0
DA:63,0
DA:64,0
DA:67,0
LF:35
LH:2
BRDA:12,0,0,0
BRDA:12,0,1,0
BRDA:12,1,0,0
BRDA:12,1,1,0
BRDA:17,2,0,0
BRDA:17,2,1,0
BRDA:26,3,0,0
BRDA:26,3,1,0
BRDA:27,4,0,0
BRDA:27,4,1,0
BRDA:27,5,0,0
BRDA:27,5,1,0
BRDA:45,6,0,0
BRDA:45,6,1,0
BRDA:51,7,0,0
BRDA:51,7,1,0
BRF:16
BRH:0
end_of_record
TN:
SF:src\Hooks\useAuth.jsx
FN:4,(anonymous_0)
FNF:1
FNH:0
FNDA:0,(anonymous_0)
DA:4,2
DA:5,0
DA:6,0
LF:3
LH:1
BRF:0
BRH:0
end_of_record
TN:
SF:src\Pages\SingIn\index.jsx
FN:8,(anonymous_0)
FN:16,(anonymous_1)
FN:41,(anonymous_2)
FN:48,(anonymous_3)
FNF:4
FNH:4
FNDA:10,(anonymous_0)
FNDA:3,(anonymous_1)
FNDA:2,(anonymous_2)
FNDA:2,(anonymous_3)
DA:8,1
DA:9,10
DA:10,10
DA:12,10
DA:13,10
DA:14,10
DA:16,10
DA:17,3
DA:18,1
DA:19,1
DA:22,2
DA:24,2
DA:25,1
DA:26,1
DA:29,1
DA:32,10
DA:41,2
DA:48,2
LF:18
LH:18
BRDA:17,0,0,1
BRDA:17,0,1,2
BRDA:24,1,0,1
BRDA:24,1,1,1
BRF:4
BRH:4
end_of_record
TN:
SF:src\Pages\SingIn\styles.js
FNF:0
FNH:0
DA:3,1
DA:12,1
DA:26,1
DA:32,1
DA:37,1
DA:42,1
LF:6
LH:6
BRF:0
BRH:0
end_of_record
TN:
SF:src\Pages\SingUp\index.jsx
FN:8,(anonymous_0)
FN:18,(anonymous_1)
FN:47,(anonymous_2)
FN:54,(anonymous_3)
FN:61,(anonymous_4)
FNF:5
FNH:5
FNDA:12,(anonymous_0)
FNDA:3,(anonymous_1)
FNDA:2,(anonymous_2)
FNDA:2,(anonymous_3)
FNDA:2,(anonymous_4)
DA:8,1
DA:9,12
DA:10,12
DA:11,12
DA:12,12
DA:14,12
DA:16,12
DA:18,12
DA:19,3
DA:20,1
DA:21,1
DA:22,2
DA:23,1
DA:24,1
DA:27,1
DA:29,1
DA:30,0
DA:31,0
DA:34,1
DA:35,1
DA:38,12
DA:47,2
DA:54,2
DA:61,2
LF:24
LH:22
BRDA:19,0,0,1
BRDA:19,0,1,2
BRDA:22,1,0,1
BRDA:22,1,1,1
BRDA:29,2,0,0
BRDA:29,2,1,1
BRF:6
BRH:5
end_of_record
TN:
SF:src\Pages\SingUp\styles.js
FNF:0
FNH:0
DA:3,1
DA:12,1
DA:26,1
DA:32,1
DA:37,1
DA:42,1
LF:6
LH:6
BRF:0
BRH:0
end_of_record
